mode: set
github.com/EricLagergren/decimal/const.go:66.59,67.11 1 0
github.com/EricLagergren/decimal/const.go:91.2,91.31 1 0
github.com/EricLagergren/decimal/const.go:68.2,69.42 1 0
github.com/EricLagergren/decimal/const.go:70.2,71.14 1 0
github.com/EricLagergren/decimal/const.go:72.2,73.15 1 0
github.com/EricLagergren/decimal/const.go:74.2,75.13 1 0
github.com/EricLagergren/decimal/const.go:76.2,77.14 1 0
github.com/EricLagergren/decimal/const.go:78.2,79.10 1 0
github.com/EricLagergren/decimal/const.go:80.3,81.16 1 0
github.com/EricLagergren/decimal/const.go:82.3,83.15 1 0
github.com/EricLagergren/decimal/const.go:84.3,85.26 1 0
github.com/EricLagergren/decimal/const.go:88.4,88.15 1 0
github.com/EricLagergren/decimal/const.go:85.26,87.5 1 0
github.com/EricLagergren/decimal/decimal.go:56.32,58.2 1 0
github.com/EricLagergren/decimal/decimal.go:60.33,62.2 1 1
github.com/EricLagergren/decimal/decimal.go:64.32,66.2 1 1
github.com/EricLagergren/decimal/decimal.go:69.41,71.2 1 1
github.com/EricLagergren/decimal/decimal.go:74.35,75.42 1 1
github.com/EricLagergren/decimal/decimal.go:88.2,89.30 1 1
github.com/EricLagergren/decimal/decimal.go:96.2,96.38 1 1
github.com/EricLagergren/decimal/decimal.go:102.2,102.37 1 1
github.com/EricLagergren/decimal/decimal.go:110.2,110.17 1 0
github.com/EricLagergren/decimal/decimal.go:75.42,76.20 1 1
github.com/EricLagergren/decimal/decimal.go:82.3,82.20 1 1
github.com/EricLagergren/decimal/decimal.go:85.3,85.24 1 1
github.com/EricLagergren/decimal/decimal.go:76.20,77.21 1 1
github.com/EricLagergren/decimal/decimal.go:80.4,80.26 1 0
github.com/EricLagergren/decimal/decimal.go:77.21,79.5 1 1
github.com/EricLagergren/decimal/decimal.go:82.20,84.4 1 0
github.com/EricLagergren/decimal/decimal.go:89.30,93.62 2 0
github.com/EricLagergren/decimal/decimal.go:96.38,100.3 2 0
github.com/EricLagergren/decimal/decimal.go:102.37,106.3 1 1
github.com/EricLagergren/decimal/decimal.go:114.42,117.24 1 1
github.com/EricLagergren/decimal/decimal.go:130.2,131.25 2 1
github.com/EricLagergren/decimal/decimal.go:137.2,141.8 4 1
github.com/EricLagergren/decimal/decimal.go:148.2,151.10 4 1
github.com/EricLagergren/decimal/decimal.go:117.24,120.9 3 1
github.com/EricLagergren/decimal/decimal.go:126.3,126.11 1 1
github.com/EricLagergren/decimal/decimal.go:120.9,122.4 1 1
github.com/EricLagergren/decimal/decimal.go:122.4,125.4 2 1
github.com/EricLagergren/decimal/decimal.go:131.25,133.3 1 1
github.com/EricLagergren/decimal/decimal.go:141.8,143.9 2 1
github.com/EricLagergren/decimal/decimal.go:143.9,146.4 2 1
github.com/EricLagergren/decimal/decimal.go:156.44,157.23 1 0
github.com/EricLagergren/decimal/decimal.go:160.2,160.29 1 0
github.com/EricLagergren/decimal/decimal.go:169.2,172.9 1 0
github.com/EricLagergren/decimal/decimal.go:157.23,158.55 1 0
github.com/EricLagergren/decimal/decimal.go:160.29,165.3 4 0
github.com/EricLagergren/decimal/decimal.go:175.38,177.25 2 1
github.com/EricLagergren/decimal/decimal.go:181.2,186.10 6 1
github.com/EricLagergren/decimal/decimal.go:177.25,179.3 1 0
github.com/EricLagergren/decimal/decimal.go:193.28,198.17 1 1
github.com/EricLagergren/decimal/decimal.go:208.2,208.19 1 1
github.com/EricLagergren/decimal/decimal.go:211.2,211.28 1 1
github.com/EricLagergren/decimal/decimal.go:198.17,200.20 2 1
github.com/EricLagergren/decimal/decimal.go:205.3,205.46 1 1
github.com/EricLagergren/decimal/decimal.go:200.20,202.4 1 1
github.com/EricLagergren/decimal/decimal.go:202.4,204.4 1 0
github.com/EricLagergren/decimal/decimal.go:208.19,210.3 1 1
github.com/EricLagergren/decimal/decimal.go:215.33,217.2 1 0
github.com/EricLagergren/decimal/decimal.go:220.28,222.2 1 0
github.com/EricLagergren/decimal/decimal.go:226.28,231.22 1 1
github.com/EricLagergren/decimal/decimal.go:239.2,239.48 1 1
github.com/EricLagergren/decimal/decimal.go:231.22,233.3 1 0
github.com/EricLagergren/decimal/decimal.go:243.28,245.2 1 0
github.com/EricLagergren/decimal/decimal.go:248.35,249.42 1 1
github.com/EricLagergren/decimal/decimal.go:262.2,262.72 1 1
github.com/EricLagergren/decimal/decimal.go:269.2,269.36 1 1
github.com/EricLagergren/decimal/decimal.go:278.2,279.10 2 1
github.com/EricLagergren/decimal/decimal.go:249.42,250.20 1 1
github.com/EricLagergren/decimal/decimal.go:256.3,256.20 1 1
github.com/EricLagergren/decimal/decimal.go:259.3,259.24 1 1
github.com/EricLagergren/decimal/decimal.go:250.20,251.21 1 1
github.com/EricLagergren/decimal/decimal.go:254.4,254.26 1 0
github.com/EricLagergren/decimal/decimal.go:251.21,253.5 1 1
github.com/EricLagergren/decimal/decimal.go:256.20,258.4 1 0
github.com/EricLagergren/decimal/decimal.go:262.72,266.56 2 0
github.com/EricLagergren/decimal/decimal.go:269.36,274.3 2 0
github.com/EricLagergren/decimal/decimal.go:282.42,284.9 2 1
github.com/EricLagergren/decimal/decimal.go:289.2,290.8 2 1
github.com/EricLagergren/decimal/decimal.go:296.2,297.10 2 1
github.com/EricLagergren/decimal/decimal.go:284.9,287.3 2 0
github.com/EricLagergren/decimal/decimal.go:290.8,292.3 1 1
github.com/EricLagergren/decimal/decimal.go:292.3,295.3 2 0
github.com/EricLagergren/decimal/decimal.go:300.44,301.23 1 0
github.com/EricLagergren/decimal/decimal.go:304.2,304.29 1 0
github.com/EricLagergren/decimal/decimal.go:315.2,318.9 1 0
github.com/EricLagergren/decimal/decimal.go:301.23,302.55 1 0
github.com/EricLagergren/decimal/decimal.go:304.29,306.10 2 0
github.com/EricLagergren/decimal/decimal.go:310.3,313.11 4 0
github.com/EricLagergren/decimal/decimal.go:306.10,309.4 2 0
github.com/EricLagergren/decimal/decimal.go:321.38,323.9 2 1
github.com/EricLagergren/decimal/decimal.go:327.2,330.10 4 1
github.com/EricLagergren/decimal/decimal.go:323.9,326.3 2 0
github.com/EricLagergren/decimal/decimal.go:334.32,335.19 1 1
github.com/EricLagergren/decimal/decimal.go:341.2,343.10 3 1
github.com/EricLagergren/decimal/decimal.go:335.19,337.3 1 1
github.com/EricLagergren/decimal/decimal.go:337.3,340.3 2 1
github.com/EricLagergren/decimal/decimal.go:348.26,349.19 1 1
github.com/EricLagergren/decimal/decimal.go:352.2,352.37 1 0
github.com/EricLagergren/decimal/decimal.go:349.19,351.3 1 1
github.com/EricLagergren/decimal/decimal.go:356.29,358.2 1 0
github.com/EricLagergren/decimal/decimal.go:361.32,362.12 1 1
github.com/EricLagergren/decimal/decimal.go:369.2,369.10 1 1
github.com/EricLagergren/decimal/decimal.go:362.12,365.21 2 0
github.com/EricLagergren/decimal/decimal.go:365.21,367.4 1 0
github.com/EricLagergren/decimal/decimal.go:373.44,376.2 2 0
github.com/EricLagergren/decimal/decimal.go:379.29,382.2 2 0
github.com/EricLagergren/decimal/decimal.go:385.59,387.16 2 1
github.com/EricLagergren/decimal/decimal.go:392.2,392.25 1 1
github.com/EricLagergren/decimal/decimal.go:398.2,399.10 2 1
github.com/EricLagergren/decimal/decimal.go:387.16,390.3 2 1
github.com/EricLagergren/decimal/decimal.go:392.25,395.3 2 1
github.com/EricLagergren/decimal/decimal.go:395.3,397.3 1 1
github.com/EricLagergren/decimal/decimal.go:405.48,409.13 3 1
github.com/EricLagergren/decimal/decimal.go:418.2,420.31 3 1
github.com/EricLagergren/decimal/decimal.go:427.2,429.9 3 1
github.com/EricLagergren/decimal/decimal.go:432.2,436.25 5 1
github.com/EricLagergren/decimal/decimal.go:409.13,411.17 2 0
github.com/EricLagergren/decimal/decimal.go:414.3,415.23 2 0
github.com/EricLagergren/decimal/decimal.go:411.17,413.4 1 0
github.com/EricLagergren/decimal/decimal.go:420.31,423.3 2 1
github.com/EricLagergren/decimal/decimal.go:423.3,423.20 1 1
github.com/EricLagergren/decimal/decimal.go:423.20,425.3 1 0
github.com/EricLagergren/decimal/decimal.go:429.9,431.3 1 0
github.com/EricLagergren/decimal/decimal.go:441.29,442.20 1 1
github.com/EricLagergren/decimal/decimal.go:456.2,456.10 1 1
github.com/EricLagergren/decimal/decimal.go:442.20,450.49 2 1
github.com/EricLagergren/decimal/decimal.go:450.49,454.4 2 1
github.com/EricLagergren/decimal/decimal.go:465.26,466.19 1 1
github.com/EricLagergren/decimal/decimal.go:475.2,475.26 1 0
github.com/EricLagergren/decimal/decimal.go:466.19,467.20 1 1
github.com/EricLagergren/decimal/decimal.go:470.3,470.21 1 1
github.com/EricLagergren/decimal/decimal.go:473.3,473.12 1 1
github.com/EricLagergren/decimal/decimal.go:467.20,469.4 1 1
github.com/EricLagergren/decimal/decimal.go:470.21,472.4 1 1
github.com/EricLagergren/decimal/decimal.go:479.30,482.2 1 1
github.com/EricLagergren/decimal/decimal.go:487.31,488.14 1 1
github.com/EricLagergren/decimal/decimal.go:494.2,494.38 1 1
github.com/EricLagergren/decimal/decimal.go:488.14,490.3 1 0
github.com/EricLagergren/decimal/decimal.go:506.45,508.18 1 1
github.com/EricLagergren/decimal/decimal.go:517.2,517.50 1 1
github.com/EricLagergren/decimal/decimal.go:521.2,527.20 2 1
github.com/EricLagergren/decimal/decimal.go:536.2,536.9 1 1
github.com/EricLagergren/decimal/decimal.go:541.2,541.17 1 1
github.com/EricLagergren/decimal/decimal.go:548.2,548.41 1 1
github.com/EricLagergren/decimal/decimal.go:568.2,568.25 1 1
github.com/EricLagergren/decimal/decimal.go:578.2,578.19 1 1
github.com/EricLagergren/decimal/decimal.go:508.18,509.21 1 1
github.com/EricLagergren/decimal/decimal.go:512.3,512.42 1 1
github.com/EricLagergren/decimal/decimal.go:509.21,511.4 1 1
github.com/EricLagergren/decimal/decimal.go:517.50,519.3 1 1
github.com/EricLagergren/decimal/decimal.go:527.20,530.3 2 1
github.com/EricLagergren/decimal/decimal.go:530.3,534.3 3 1
github.com/EricLagergren/decimal/decimal.go:536.9,538.3 1 1
github.com/EricLagergren/decimal/decimal.go:541.17,545.3 3 1
github.com/EricLagergren/decimal/decimal.go:551.2,553.21 2 1
github.com/EricLagergren/decimal/decimal.go:556.2,559.25 3 1
github.com/EricLagergren/decimal/decimal.go:562.2,565.21 3 1
github.com/EricLagergren/decimal/decimal.go:568.25,571.38 3 1
github.com/EricLagergren/decimal/decimal.go:573.3,573.20 1 1
github.com/EricLagergren/decimal/decimal.go:576.3,576.20 1 1
github.com/EricLagergren/decimal/decimal.go:571.38,572.4 0 1
github.com/EricLagergren/decimal/decimal.go:573.20,575.4 1 1
github.com/EricLagergren/decimal/decimal.go:582.35,583.42 1 1
github.com/EricLagergren/decimal/decimal.go:588.2,589.24 1 0
github.com/EricLagergren/decimal/decimal.go:596.2,596.38 1 0
github.com/EricLagergren/decimal/decimal.go:602.2,602.37 1 0
github.com/EricLagergren/decimal/decimal.go:610.2,610.17 1 0
github.com/EricLagergren/decimal/decimal.go:583.42,586.3 1 1
github.com/EricLagergren/decimal/decimal.go:589.24,593.62 2 0
github.com/EricLagergren/decimal/decimal.go:596.38,600.3 2 0
github.com/EricLagergren/decimal/decimal.go:602.37,606.3 1 0
github.com/EricLagergren/decimal/math.go:13.44,17.19 3 1
github.com/EricLagergren/decimal/math.go:23.2,23.19 1 1
github.com/EricLagergren/decimal/math.go:30.2,38.15 6 1
github.com/EricLagergren/decimal/math.go:57.2,57.19 1 1
github.com/EricLagergren/decimal/math.go:65.2,67.19 2 0
github.com/EricLagergren/decimal/math.go:70.2,75.18 6 0
github.com/EricLagergren/decimal/math.go:17.19,21.3 3 0
github.com/EricLagergren/decimal/math.go:23.19,27.3 3 0
github.com/EricLagergren/decimal/math.go:38.15,39.20 1 1
github.com/EricLagergren/decimal/math.go:54.3,54.23 1 1
github.com/EricLagergren/decimal/math.go:39.20,41.4 1 1
github.com/EricLagergren/decimal/math.go:41.4,50.19 5 0
github.com/EricLagergren/decimal/math.go:50.19,52.5 1 0
github.com/EricLagergren/decimal/math.go:57.19,59.9 2 1
github.com/EricLagergren/decimal/math.go:59.9,62.4 2 1
github.com/EricLagergren/decimal/math.go:67.19,69.3 1 0
github.com/EricLagergren/decimal/math.go:79.66,80.12 1 1
github.com/EricLagergren/decimal/math.go:84.2,85.9 2 1
github.com/EricLagergren/decimal/math.go:88.2,88.14 1 1
github.com/EricLagergren/decimal/math.go:91.2,93.24 3 1
github.com/EricLagergren/decimal/math.go:80.12,83.3 2 0
github.com/EricLagergren/decimal/math.go:85.9,87.3 1 0
github.com/EricLagergren/decimal/math.go:88.14,90.3 1 0
github.com/EricLagergren/decimal/math.go:97.68,98.18 1 0
github.com/EricLagergren/decimal/math.go:104.2,105.21 2 0
github.com/EricLagergren/decimal/math.go:108.2,111.18 4 0
github.com/EricLagergren/decimal/math.go:98.18,103.3 4 0
github.com/EricLagergren/decimal/math.go:105.21,107.3 1 0
github.com/EricLagergren/decimal/util.go:4.25,6.2 1 1
github.com/EricLagergren/decimal/util.go:9.26,11.2 1 0
github.com/EricLagergren/decimal/util.go:14.27,16.2 1 0
github.com/EricLagergren/decimal/util.go:19.26,21.2 1 0
github.com/EricLagergren/decimal/util.go:24.27,26.2 1 0
